17:29:48.252  INFO  [lib CopiaCursillos] Qizx 4.4p2 creating new XML Library in K:\Dropbox\20170620-00-DAM(02)\20170912-01-AD\20180317-00-AD05_Tarea_XML\01-pruebas_de_codigo\AD_Tarea05_BD_XML\AD_Tarea05\dbxml\CopiaCursillos
17:29:48.252  INFO  [lib CopiaCursillos] create storage in K:\Dropbox\20170620-00-DAM(02)\20170912-01-AD\20180317-00-AD05_Tarea_XML\01-pruebas_de_codigo\AD_Tarea05_BD_XML\AD_Tarea05\dbxml\CopiaCursillos\contents.qdb
17:29:48.259  INFO  [lib CopiaCursillos] storage created
17:29:48.423  INFO  [lib CopiaCursillos] library creation done
17:29:48.501  INFO  [lib CopiaCursillos] commit start CopiaCursillos (session 1)
17:29:48.526  INFO  [lib CopiaCursillos] commit 1 on CopiaCursillos (session 1)
17:29:48.542  INFO  [lib CopiaCursillos] commit 1 done
17:29:48.543  INFO  [lib CopiaCursillos] commit end CopiaCursillos (session 1) -> state: [ 1 ][ 1 2 ]
17:29:48.545  INFO  [lib CopiaCursillos] All sessions closed
17:29:48.545  INFO  [lib CopiaCursillos] Sweeper stopped
17:29:48.547  INFO  [lib CopiaCursillos] library closed 
17:30:05.464  INFO  [lib CopiaCursillos] Library opened by Qizx 4.4p2
17:30:05.465  INFO  [lib CopiaCursillos]  location K:\Dropbox\20170620-00-DAM(02)\20170912-01-AD\20180317-00-AD05_Tarea_XML\01-pruebas_de_codigo\AD_Tarea05_BD_XML\AD_Tarea05\dbxml\CopiaCursillos
17:30:05.465  INFO  [lib CopiaCursillos]  document storage version=5, lastBId=36, BCount=36, maxA=502
17:57:48.160  INFO  [lib CopiaCursillos] All sessions closed
17:57:48.161  INFO  [lib CopiaCursillos] library closed 
21:03:46.044  INFO  [lib CopiaCursillos] Library opened by Qizx 4.4p2
21:03:46.045  INFO  [lib CopiaCursillos]  location K:\Dropbox\20170620-00-DAM(02)\20170912-01-AD\20180317-00-AD05_Tarea_XML\01-pruebas_de_codigo\AD_Tarea05_BD_XML\AD_Tarea05\dbxml\CopiaCursillos
21:03:46.045  INFO  [lib CopiaCursillos]  document storage version=5, lastBId=36, BCount=36, maxA=502
21:03:46.210  INFO  [lib CopiaCursillos] commit start CopiaCursillos (session 1)
21:03:46.318  INFO  [lib CopiaCursillos] commit 2 on CopiaCursillos (session 1)
21:03:46.446  INFO  [lib CopiaCursillos] commit 2 done
21:03:46.446  INFO  [lib CopiaCursillos] commit end CopiaCursillos (session 1) -> state: [ 1 2 ][ 1 2 3 ]
21:03:46.447  INFO  [lib CopiaCursillos] sweeper deleted 12/12 docs: 8 to 19 in ms 0.707427
21:03:46.447  INFO  [lib CopiaCursillos] All sessions closed
21:03:46.458  INFO  [lib CopiaCursillos] try to close, but sweeper is performing CommitTask(2 D0 [] M)
21:03:46.458  INFO  [lib CopiaCursillos] sweeper deleted 15/15 metadocs: 20 to 34
21:03:46.470  INFO  [lib CopiaCursillos] Sweeper stopped
21:03:46.484  INFO  [lib CopiaCursillos] library closed 
21:12:14.764  INFO  [lib CopiaCursillos] Library opened by Qizx 4.4p2
21:12:14.771  INFO  [lib CopiaCursillos]  location K:\Dropbox\20170620-00-DAM(02)\20170912-01-AD\20180317-00-AD05_Tarea_XML\01-pruebas_de_codigo\AD_Tarea05_BD_XML\AD_Tarea05\dbxml\CopiaCursillos
21:12:14.771  INFO  [lib CopiaCursillos]  document storage version=5, lastBId=65, BCount=38, maxA=502
21:20:42.512  INFO  [lib CopiaCursillos] All sessions closed
21:20:42.514  INFO  [lib CopiaCursillos] library closed 
